2024-03-01 03:07:23 startup archives unpack
2024-03-01 03:07:23 install xrdp:amd64 <none> 0.9.12-1ubuntu0.1
2024-03-01 03:07:23 status triggers-pending libc-bin:amd64 2.31-0ubuntu9.14
2024-03-01 03:07:23 status half-installed xrdp:amd64 0.9.12-1ubuntu0.1
2024-03-01 03:07:23 status triggers-pending systemd:amd64 245.4-4ubuntu3.22
2024-03-01 03:07:23 status triggers-pending man-db:amd64 2.9.1-1
2024-03-01 03:07:23 status unpacked xrdp:amd64 0.9.12-1ubuntu0.1
2024-03-01 03:07:23 install xorgxrdp:amd64 <none> 1:0.2.12-1
2024-03-01 03:07:23 status half-installed xorgxrdp:amd64 1:0.2.12-1
2024-03-01 03:07:23 status unpacked xorgxrdp:amd64 1:0.2.12-1
2024-03-01 03:07:23 startup packages configure
2024-03-01 03:07:23 configure xrdp:amd64 0.9.12-1ubuntu0.1 <none>
2024-03-01 03:07:23 status unpacked xrdp:amd64 0.9.12-1ubuntu0.1
2024-03-01 03:07:23 status half-configured xrdp:amd64 0.9.12-1ubuntu0.1
2024-03-01 03:07:26 status installed xrdp:amd64 0.9.12-1ubuntu0.1
2024-03-01 03:07:26 configure xorgxrdp:amd64 1:0.2.12-1 <none>
2024-03-01 03:07:26 status unpacked xorgxrdp:amd64 1:0.2.12-1
2024-03-01 03:07:26 status half-configured xorgxrdp:amd64 1:0.2.12-1
2024-03-01 03:07:26 status installed xorgxrdp:amd64 1:0.2.12-1
2024-03-01 03:07:26 trigproc systemd:amd64 245.4-4ubuntu3.22 <none>
2024-03-01 03:07:26 status half-configured systemd:amd64 245.4-4ubuntu3.22
2024-03-01 03:07:26 status installed systemd:amd64 245.4-4ubuntu3.22
2024-03-01 03:07:26 trigproc man-db:amd64 2.9.1-1 <none>
2024-03-01 03:07:26 status half-configured man-db:amd64 2.9.1-1
2024-03-01 03:07:28 status installed man-db:amd64 2.9.1-1
2024-03-01 03:07:28 trigproc libc-bin:amd64 2.31-0ubuntu9.14 <none>
2024-03-01 03:07:28 status half-configured libc-bin:amd64 2.31-0ubuntu9.14
2024-03-01 03:07:28 status installed libc-bin:amd64 2.31-0ubuntu9.14
2024-03-01 03:15:44 startup archives unpack
2024-03-01 03:15:44 install java-common:all <none> 0.72
2024-03-01 03:15:44 status half-installed java-common:all 0.72
2024-03-01 03:15:44 status triggers-pending man-db:amd64 2.9.1-1
2024-03-01 03:15:44 status unpacked java-common:all 0.72
2024-03-01 03:15:44 install openjdk-11-jre-headless:amd64 <none> 11.0.22+7-0ubuntu2~20.04.1
2024-03-01 03:15:44 status half-installed openjdk-11-jre-headless:amd64 11.0.22+7-0ubuntu2~20.04.1
2024-03-01 03:15:51 status unpacked openjdk-11-jre-headless:amd64 11.0.22+7-0ubuntu2~20.04.1
2024-03-01 03:15:51 install default-jre-headless:amd64 <none> 2:1.11-72
2024-03-01 03:15:51 status half-installed default-jre-headless:amd64 2:1.11-72
2024-03-01 03:15:51 status unpacked default-jre-headless:amd64 2:1.11-72
2024-03-01 03:15:51 install ca-certificates-java:all <none> 20190405ubuntu1.1
2024-03-01 03:15:51 status triggers-pending ca-certificates:all 20230311ubuntu0.20.04.1
2024-03-01 03:15:51 status half-installed ca-certificates-java:all 20190405ubuntu1.1
2024-03-01 03:15:51 status unpacked ca-certificates-java:all 20190405ubuntu1.1
2024-03-01 03:15:51 install openjdk-11-jre:amd64 <none> 11.0.22+7-0ubuntu2~20.04.1
2024-03-01 03:15:51 status half-installed openjdk-11-jre:amd64 11.0.22+7-0ubuntu2~20.04.1
2024-03-01 03:15:51 status triggers-pending gnome-menus:amd64 3.36.0-1ubuntu1
2024-03-01 03:15:51 status triggers-pending desktop-file-utils:amd64 0.24-1ubuntu3
2024-03-01 03:15:51 status triggers-pending mime-support:all 3.64ubuntu1
2024-03-01 03:15:51 status triggers-pending hicolor-icon-theme:all 0.17-2
2024-03-01 03:15:51 status unpacked openjdk-11-jre:amd64 11.0.22+7-0ubuntu2~20.04.1
2024-03-01 03:15:51 install default-jre:amd64 <none> 2:1.11-72
2024-03-01 03:15:51 status half-installed default-jre:amd64 2:1.11-72
2024-03-01 03:15:51 status unpacked default-jre:amd64 2:1.11-72
2024-03-01 03:15:51 install openjdk-11-jdk-headless:amd64 <none> 11.0.22+7-0ubuntu2~20.04.1
2024-03-01 03:15:51 status half-installed openjdk-11-jdk-headless:amd64 11.0.22+7-0ubuntu2~20.04.1
2024-03-01 03:15:58 status unpacked openjdk-11-jdk-headless:amd64 11.0.22+7-0ubuntu2~20.04.1
2024-03-01 03:15:58 install default-jdk-headless:amd64 <none> 2:1.11-72
2024-03-01 03:15:58 status half-installed default-jdk-headless:amd64 2:1.11-72
2024-03-01 03:15:58 status unpacked default-jdk-headless:amd64 2:1.11-72
2024-03-01 03:15:58 install openjdk-11-jdk:amd64 <none> 11.0.22+7-0ubuntu2~20.04.1
2024-03-01 03:15:58 status half-installed openjdk-11-jdk:amd64 11.0.22+7-0ubuntu2~20.04.1
2024-03-01 03:15:58 status unpacked openjdk-11-jdk:amd64 11.0.22+7-0ubuntu2~20.04.1
2024-03-01 03:15:59 install default-jdk:amd64 <none> 2:1.11-72
2024-03-01 03:15:59 status half-installed default-jdk:amd64 2:1.11-72
2024-03-01 03:15:59 status unpacked default-jdk:amd64 2:1.11-72
2024-03-01 03:15:59 install fonts-dejavu-extra:all <none> 2.37-1
2024-03-01 03:15:59 status half-installed fonts-dejavu-extra:all 2.37-1
2024-03-01 03:15:59 status triggers-pending fontconfig:amd64 2.13.1-2ubuntu3
2024-03-01 03:15:59 status unpacked fonts-dejavu-extra:all 2.37-1
2024-03-01 03:15:59 install libatk-wrapper-java:all <none> 0.37.1-1
2024-03-01 03:15:59 status half-installed libatk-wrapper-java:all 0.37.1-1
2024-03-01 03:15:59 status unpacked libatk-wrapper-java:all 0.37.1-1
2024-03-01 03:15:59 install libatk-wrapper-java-jni:amd64 <none> 0.37.1-1
2024-03-01 03:15:59 status half-installed libatk-wrapper-java-jni:amd64 0.37.1-1
2024-03-01 03:15:59 status unpacked libatk-wrapper-java-jni:amd64 0.37.1-1
2024-03-01 03:15:59 install xorg-sgml-doctools:all <none> 1:1.11-1
2024-03-01 03:15:59 status half-installed xorg-sgml-doctools:all 1:1.11-1
2024-03-01 03:15:59 status triggers-pending sgml-base:all 1.29.1
2024-03-01 03:15:59 status unpacked xorg-sgml-doctools:all 1:1.11-1
2024-03-01 03:15:59 install x11proto-dev:all <none> 2019.2-1ubuntu1
2024-03-01 03:15:59 status half-installed x11proto-dev:all 2019.2-1ubuntu1
2024-03-01 03:15:59 status unpacked x11proto-dev:all 2019.2-1ubuntu1
2024-03-01 03:15:59 install x11proto-core-dev:all <none> 2019.2-1ubuntu1
2024-03-01 03:15:59 status half-installed x11proto-core-dev:all 2019.2-1ubuntu1
2024-03-01 03:15:59 status unpacked x11proto-core-dev:all 2019.2-1ubuntu1
2024-03-01 03:16:00 install libice-dev:amd64 <none> 2:1.0.10-0ubuntu1
2024-03-01 03:16:00 status half-installed libice-dev:amd64 2:1.0.10-0ubuntu1
2024-03-01 03:16:00 status unpacked libice-dev:amd64 2:1.0.10-0ubuntu1
2024-03-01 03:16:00 install libpthread-stubs0-dev:amd64 <none> 0.4-1
2024-03-01 03:16:00 status half-installed libpthread-stubs0-dev:amd64 0.4-1
2024-03-01 03:16:00 status unpacked libpthread-stubs0-dev:amd64 0.4-1
2024-03-01 03:16:00 install libsm-dev:amd64 <none> 2:1.2.3-1
2024-03-01 03:16:00 status half-installed libsm-dev:amd64 2:1.2.3-1
2024-03-01 03:16:00 status unpacked libsm-dev:amd64 2:1.2.3-1
2024-03-01 03:16:00 install libxau-dev:amd64 <none> 1:1.0.9-0ubuntu1
2024-03-01 03:16:00 status half-installed libxau-dev:amd64 1:1.0.9-0ubuntu1
2024-03-01 03:16:00 status unpacked libxau-dev:amd64 1:1.0.9-0ubuntu1
2024-03-01 03:16:00 install libxdmcp-dev:amd64 <none> 1:1.1.3-0ubuntu1
2024-03-01 03:16:00 status half-installed libxdmcp-dev:amd64 1:1.1.3-0ubuntu1
2024-03-01 03:16:00 status unpacked libxdmcp-dev:amd64 1:1.1.3-0ubuntu1
2024-03-01 03:16:00 install xtrans-dev:all <none> 1.4.0-1
2024-03-01 03:16:00 status half-installed xtrans-dev:all 1.4.0-1
2024-03-01 03:16:00 status unpacked xtrans-dev:all 1.4.0-1
2024-03-01 03:16:00 install libxcb1-dev:amd64 <none> 1.14-2
2024-03-01 03:16:00 status half-installed libxcb1-dev:amd64 1.14-2
2024-03-01 03:16:00 status unpacked libxcb1-dev:amd64 1.14-2
2024-03-01 03:16:00 install libx11-dev:amd64 <none> 2:1.6.9-2ubuntu1.6
2024-03-01 03:16:00 status half-installed libx11-dev:amd64 2:1.6.9-2ubuntu1.6
2024-03-01 03:16:00 status unpacked libx11-dev:amd64 2:1.6.9-2ubuntu1.6
2024-03-01 03:16:00 install libxt-dev:amd64 <none> 1:1.1.5-1
2024-03-01 03:16:00 status half-installed libxt-dev:amd64 1:1.1.5-1
2024-03-01 03:16:01 status unpacked libxt-dev:amd64 1:1.1.5-1
2024-03-01 03:16:01 startup packages configure
2024-03-01 03:16:01 configure java-common:all 0.72 <none>
2024-03-01 03:16:01 status unpacked java-common:all 0.72
2024-03-01 03:16:01 status half-configured java-common:all 0.72
2024-03-01 03:16:01 status installed java-common:all 0.72
2024-03-01 03:16:01 configure libpthread-stubs0-dev:amd64 0.4-1 <none>
2024-03-01 03:16:01 status unpacked libpthread-stubs0-dev:amd64 0.4-1
2024-03-01 03:16:01 status half-configured libpthread-stubs0-dev:amd64 0.4-1
2024-03-01 03:16:01 status installed libpthread-stubs0-dev:amd64 0.4-1
2024-03-01 03:16:01 configure xtrans-dev:all 1.4.0-1 <none>
2024-03-01 03:16:01 status unpacked xtrans-dev:all 1.4.0-1
2024-03-01 03:16:01 status half-configured xtrans-dev:all 1.4.0-1
2024-03-01 03:16:01 status installed xtrans-dev:all 1.4.0-1
2024-03-01 03:16:01 configure fonts-dejavu-extra:all 2.37-1 <none>
2024-03-01 03:16:01 status unpacked fonts-dejavu-extra:all 2.37-1
2024-03-01 03:16:01 status half-configured fonts-dejavu-extra:all 2.37-1
2024-03-01 03:16:01 status installed fonts-dejavu-extra:all 2.37-1
2024-03-01 03:16:01 configure xorg-sgml-doctools:all 1:1.11-1 <none>
2024-03-01 03:16:01 status unpacked xorg-sgml-doctools:all 1:1.11-1
2024-03-01 03:16:01 status half-configured xorg-sgml-doctools:all 1:1.11-1
2024-03-01 03:16:01 status triggers-awaited xorg-sgml-doctools:all 1:1.11-1
2024-03-01 03:16:01 configure libatk-wrapper-java:all 0.37.1-1 <none>
2024-03-01 03:16:01 status unpacked libatk-wrapper-java:all 0.37.1-1
2024-03-01 03:16:01 status half-configured libatk-wrapper-java:all 0.37.1-1
2024-03-01 03:16:01 status installed libatk-wrapper-java:all 0.37.1-1
2024-03-01 03:16:01 configure libatk-wrapper-java-jni:amd64 0.37.1-1 <none>
2024-03-01 03:16:01 status unpacked libatk-wrapper-java-jni:amd64 0.37.1-1
2024-03-01 03:16:01 status half-configured libatk-wrapper-java-jni:amd64 0.37.1-1
2024-03-01 03:16:01 status installed libatk-wrapper-java-jni:amd64 0.37.1-1
2024-03-01 03:16:01 configure ca-certificates-java:all 20190405ubuntu1.1 <none>
2024-03-01 03:16:01 status unpacked ca-certificates-java:all 20190405ubuntu1.1
2024-03-01 03:16:01 status half-configured ca-certificates-java:all 20190405ubuntu1.1
2024-03-01 03:16:03 status triggers-awaited ca-certificates-java:all 20190405ubuntu1.1
2024-03-01 03:16:03 configure default-jre-headless:amd64 2:1.11-72 <none>
2024-03-01 03:16:03 status unpacked default-jre-headless:amd64 2:1.11-72
2024-03-01 03:16:03 status half-configured default-jre-headless:amd64 2:1.11-72
2024-03-01 03:16:03 status installed default-jre-headless:amd64 2:1.11-72
2024-03-01 03:16:03 trigproc hicolor-icon-theme:all 0.17-2 <none>
2024-03-01 03:16:03 status half-configured hicolor-icon-theme:all 0.17-2
2024-03-01 03:16:03 status installed hicolor-icon-theme:all 0.17-2
2024-03-01 03:16:03 trigproc gnome-menus:amd64 3.36.0-1ubuntu1 <none>
2024-03-01 03:16:03 status half-configured gnome-menus:amd64 3.36.0-1ubuntu1
2024-03-01 03:16:03 status installed gnome-menus:amd64 3.36.0-1ubuntu1
2024-03-01 03:16:03 trigproc man-db:amd64 2.9.1-1 <none>
2024-03-01 03:16:03 status half-configured man-db:amd64 2.9.1-1
2024-03-01 03:16:07 status installed man-db:amd64 2.9.1-1
2024-03-01 03:16:07 trigproc ca-certificates:all 20230311ubuntu0.20.04.1 <none>
2024-03-01 03:16:07 status half-configured ca-certificates:all 20230311ubuntu0.20.04.1
2024-03-01 03:16:07 status installed ca-certificates-java:all 20190405ubuntu1.1
2024-03-01 03:16:08 status installed ca-certificates:all 20230311ubuntu0.20.04.1
2024-03-01 03:16:08 trigproc sgml-base:all 1.29.1 <none>
2024-03-01 03:16:08 status half-configured sgml-base:all 1.29.1
2024-03-01 03:16:08 status installed xorg-sgml-doctools:all 1:1.11-1
2024-03-01 03:16:08 status installed sgml-base:all 1.29.1
2024-03-01 03:16:08 configure x11proto-dev:all 2019.2-1ubuntu1 <none>
2024-03-01 03:16:08 status unpacked x11proto-dev:all 2019.2-1ubuntu1
2024-03-01 03:16:08 status half-configured x11proto-dev:all 2019.2-1ubuntu1
2024-03-01 03:16:08 status installed x11proto-dev:all 2019.2-1ubuntu1
2024-03-01 03:16:08 trigproc fontconfig:amd64 2.13.1-2ubuntu3 <none>
2024-03-01 03:16:08 status half-configured fontconfig:amd64 2.13.1-2ubuntu3
2024-03-01 03:16:08 status installed fontconfig:amd64 2.13.1-2ubuntu3
2024-03-01 03:16:08 trigproc desktop-file-utils:amd64 0.24-1ubuntu3 <none>
2024-03-01 03:16:08 status half-configured desktop-file-utils:amd64 0.24-1ubuntu3
2024-03-01 03:16:08 status installed desktop-file-utils:amd64 0.24-1ubuntu3
2024-03-01 03:16:08 trigproc mime-support:all 3.64ubuntu1 <none>
2024-03-01 03:16:08 status half-configured mime-support:all 3.64ubuntu1
2024-03-01 03:16:08 status installed mime-support:all 3.64ubuntu1
2024-03-01 03:16:08 configure libxau-dev:amd64 1:1.0.9-0ubuntu1 <none>
2024-03-01 03:16:08 status unpacked libxau-dev:amd64 1:1.0.9-0ubuntu1
2024-03-01 03:16:08 status half-configured libxau-dev:amd64 1:1.0.9-0ubuntu1
2024-03-01 03:16:08 status installed libxau-dev:amd64 1:1.0.9-0ubuntu1
2024-03-01 03:16:08 configure libice-dev:amd64 2:1.0.10-0ubuntu1 <none>
2024-03-01 03:16:08 status unpacked libice-dev:amd64 2:1.0.10-0ubuntu1
2024-03-01 03:16:08 status half-configured libice-dev:amd64 2:1.0.10-0ubuntu1
2024-03-01 03:16:08 status installed libice-dev:amd64 2:1.0.10-0ubuntu1
2024-03-01 03:16:08 configure libsm-dev:amd64 2:1.2.3-1 <none>
2024-03-01 03:16:08 status unpacked libsm-dev:amd64 2:1.2.3-1
2024-03-01 03:16:08 status half-configured libsm-dev:amd64 2:1.2.3-1
2024-03-01 03:16:08 status installed libsm-dev:amd64 2:1.2.3-1
2024-03-01 03:16:08 configure openjdk-11-jre-headless:amd64 11.0.22+7-0ubuntu2~20.04.1 <none>
2024-03-01 03:16:08 status unpacked openjdk-11-jre-headless:amd64 11.0.22+7-0ubuntu2~20.04.1
2024-03-01 03:16:08 status half-configured openjdk-11-jre-headless:amd64 11.0.22+7-0ubuntu2~20.04.1
2024-03-01 03:16:09 status installed openjdk-11-jre-headless:amd64 11.0.22+7-0ubuntu2~20.04.1
2024-03-01 03:16:09 configure openjdk-11-jre:amd64 11.0.22+7-0ubuntu2~20.04.1 <none>
2024-03-01 03:16:09 status unpacked openjdk-11-jre:amd64 11.0.22+7-0ubuntu2~20.04.1
2024-03-01 03:16:09 status half-configured openjdk-11-jre:amd64 11.0.22+7-0ubuntu2~20.04.1
2024-03-01 03:16:09 status installed openjdk-11-jre:amd64 11.0.22+7-0ubuntu2~20.04.1
2024-03-01 03:16:09 configure openjdk-11-jdk-headless:amd64 11.0.22+7-0ubuntu2~20.04.1 <none>
2024-03-01 03:16:09 status unpacked openjdk-11-jdk-headless:amd64 11.0.22+7-0ubuntu2~20.04.1
2024-03-01 03:16:09 status half-configured openjdk-11-jdk-headless:amd64 11.0.22+7-0ubuntu2~20.04.1
2024-03-01 03:16:09 status installed openjdk-11-jdk-headless:amd64 11.0.22+7-0ubuntu2~20.04.1
2024-03-01 03:16:09 configure default-jre:amd64 2:1.11-72 <none>
2024-03-01 03:16:09 status unpacked default-jre:amd64 2:1.11-72
2024-03-01 03:16:09 status half-configured default-jre:amd64 2:1.11-72
2024-03-01 03:16:09 status installed default-jre:amd64 2:1.11-72
2024-03-01 03:16:09 configure libxdmcp-dev:amd64 1:1.1.3-0ubuntu1 <none>
2024-03-01 03:16:09 status unpacked libxdmcp-dev:amd64 1:1.1.3-0ubuntu1
2024-03-01 03:16:09 status half-configured libxdmcp-dev:amd64 1:1.1.3-0ubuntu1
2024-03-01 03:16:09 status installed libxdmcp-dev:amd64 1:1.1.3-0ubuntu1
2024-03-01 03:16:09 configure default-jdk-headless:amd64 2:1.11-72 <none>
2024-03-01 03:16:09 status unpacked default-jdk-headless:amd64 2:1.11-72
2024-03-01 03:16:09 status half-configured default-jdk-headless:amd64 2:1.11-72
2024-03-01 03:16:09 status installed default-jdk-headless:amd64 2:1.11-72
2024-03-01 03:16:09 configure x11proto-core-dev:all 2019.2-1ubuntu1 <none>
2024-03-01 03:16:09 status unpacked x11proto-core-dev:all 2019.2-1ubuntu1
2024-03-01 03:16:09 status half-configured x11proto-core-dev:all 2019.2-1ubuntu1
2024-03-01 03:16:09 status installed x11proto-core-dev:all 2019.2-1ubuntu1
2024-03-01 03:16:09 configure openjdk-11-jdk:amd64 11.0.22+7-0ubuntu2~20.04.1 <none>
2024-03-01 03:16:09 status unpacked openjdk-11-jdk:amd64 11.0.22+7-0ubuntu2~20.04.1
2024-03-01 03:16:09 status half-configured openjdk-11-jdk:amd64 11.0.22+7-0ubuntu2~20.04.1
2024-03-01 03:16:09 status installed openjdk-11-jdk:amd64 11.0.22+7-0ubuntu2~20.04.1
2024-03-01 03:16:09 configure libxcb1-dev:amd64 1.14-2 <none>
2024-03-01 03:16:09 status unpacked libxcb1-dev:amd64 1.14-2
2024-03-01 03:16:09 status half-configured libxcb1-dev:amd64 1.14-2
2024-03-01 03:16:09 status installed libxcb1-dev:amd64 1.14-2
2024-03-01 03:16:09 configure libx11-dev:amd64 2:1.6.9-2ubuntu1.6 <none>
2024-03-01 03:16:09 status unpacked libx11-dev:amd64 2:1.6.9-2ubuntu1.6
2024-03-01 03:16:09 status half-configured libx11-dev:amd64 2:1.6.9-2ubuntu1.6
2024-03-01 03:16:09 status installed libx11-dev:amd64 2:1.6.9-2ubuntu1.6
2024-03-01 03:16:09 configure default-jdk:amd64 2:1.11-72 <none>
2024-03-01 03:16:09 status unpacked default-jdk:amd64 2:1.11-72
2024-03-01 03:16:09 status half-configured default-jdk:amd64 2:1.11-72
2024-03-01 03:16:09 status installed default-jdk:amd64 2:1.11-72
2024-03-01 03:16:09 configure libxt-dev:amd64 1:1.1.5-1 <none>
2024-03-01 03:16:09 status unpacked libxt-dev:amd64 1:1.1.5-1
2024-03-01 03:16:09 status half-configured libxt-dev:amd64 1:1.1.5-1
2024-03-01 03:16:09 status installed libxt-dev:amd64 1:1.1.5-1
2024-03-01 03:20:32 startup archives unpack
2024-03-01 03:20:33 install ncurses-term:all <none> 6.2-0ubuntu2.1
2024-03-01 03:20:33 status half-installed ncurses-term:all 6.2-0ubuntu2.1
2024-03-01 03:20:33 status unpacked ncurses-term:all 6.2-0ubuntu2.1
2024-03-01 03:20:33 install openssh-sftp-server:amd64 <none> 1:8.2p1-4ubuntu0.11
2024-03-01 03:20:33 status half-installed openssh-sftp-server:amd64 1:8.2p1-4ubuntu0.11
2024-03-01 03:20:33 status triggers-pending man-db:amd64 2.9.1-1
2024-03-01 03:20:33 status unpacked openssh-sftp-server:amd64 1:8.2p1-4ubuntu0.11
2024-03-01 03:20:33 install openssh-server:amd64 <none> 1:8.2p1-4ubuntu0.11
2024-03-01 03:20:33 status half-installed openssh-server:amd64 1:8.2p1-4ubuntu0.11
2024-03-01 03:20:34 status triggers-pending systemd:amd64 245.4-4ubuntu3.22
2024-03-01 03:20:34 status triggers-pending ufw:all 0.36-6ubuntu1.1
2024-03-01 03:20:34 status unpacked openssh-server:amd64 1:8.2p1-4ubuntu0.11
2024-03-01 03:20:34 install ssh-import-id:all <none> 5.10-0ubuntu1
2024-03-01 03:20:34 status half-installed ssh-import-id:all 5.10-0ubuntu1
2024-03-01 03:20:34 status unpacked ssh-import-id:all 5.10-0ubuntu1
2024-03-01 03:20:34 startup packages configure
2024-03-01 03:20:34 configure openssh-sftp-server:amd64 1:8.2p1-4ubuntu0.11 <none>
2024-03-01 03:20:34 status unpacked openssh-sftp-server:amd64 1:8.2p1-4ubuntu0.11
2024-03-01 03:20:34 status half-configured openssh-sftp-server:amd64 1:8.2p1-4ubuntu0.11
2024-03-01 03:20:34 status installed openssh-sftp-server:amd64 1:8.2p1-4ubuntu0.11
2024-03-01 03:20:34 configure openssh-server:amd64 1:8.2p1-4ubuntu0.11 <none>
2024-03-01 03:20:34 status unpacked openssh-server:amd64 1:8.2p1-4ubuntu0.11
2024-03-01 03:20:34 status half-configured openssh-server:amd64 1:8.2p1-4ubuntu0.11
2024-03-01 03:20:36 status installed openssh-server:amd64 1:8.2p1-4ubuntu0.11
2024-03-01 03:20:36 configure ssh-import-id:all 5.10-0ubuntu1 <none>
2024-03-01 03:20:36 status unpacked ssh-import-id:all 5.10-0ubuntu1
2024-03-01 03:20:36 status half-configured ssh-import-id:all 5.10-0ubuntu1
2024-03-01 03:20:36 status installed ssh-import-id:all 5.10-0ubuntu1
2024-03-01 03:20:37 configure ncurses-term:all 6.2-0ubuntu2.1 <none>
2024-03-01 03:20:37 status unpacked ncurses-term:all 6.2-0ubuntu2.1
2024-03-01 03:20:37 status half-configured ncurses-term:all 6.2-0ubuntu2.1
2024-03-01 03:20:37 status installed ncurses-term:all 6.2-0ubuntu2.1
2024-03-01 03:20:37 trigproc systemd:amd64 245.4-4ubuntu3.22 <none>
2024-03-01 03:20:37 status half-configured systemd:amd64 245.4-4ubuntu3.22
2024-03-01 03:20:37 status installed systemd:amd64 245.4-4ubuntu3.22
2024-03-01 03:20:37 trigproc man-db:amd64 2.9.1-1 <none>
2024-03-01 03:20:37 status half-configured man-db:amd64 2.9.1-1
2024-03-01 03:20:40 status installed man-db:amd64 2.9.1-1
2024-03-01 03:20:40 trigproc ufw:all 0.36-6ubuntu1.1 <none>
2024-03-01 03:20:40 status half-configured ufw:all 0.36-6ubuntu1.1
2024-03-01 03:20:40 status installed ufw:all 0.36-6ubuntu1.1
2024-03-01 19:32:10 startup archives unpack
2024-03-01 19:32:10 upgrade tzdata:all 2023c-0ubuntu0.20.04.2 2024a-0ubuntu0.20.04
2024-03-01 19:32:10 status half-configured tzdata:all 2023c-0ubuntu0.20.04.2
2024-03-01 19:32:10 status unpacked tzdata:all 2023c-0ubuntu0.20.04.2
2024-03-01 19:32:10 status half-installed tzdata:all 2023c-0ubuntu0.20.04.2
2024-03-01 19:32:11 status unpacked tzdata:all 2024a-0ubuntu0.20.04
2024-03-01 19:32:11 startup packages configure
2024-03-01 19:32:11 configure tzdata:all 2024a-0ubuntu0.20.04 <none>
2024-03-01 19:32:11 status unpacked tzdata:all 2024a-0ubuntu0.20.04
2024-03-01 19:32:11 status half-configured tzdata:all 2024a-0ubuntu0.20.04
2024-03-01 19:32:11 status installed tzdata:all 2024a-0ubuntu0.20.04
2024-03-01 21:11:25 startup archives unpack
2024-03-01 21:11:25 install liberror-perl:all <none> 0.17029-1
2024-03-01 21:11:25 status half-installed liberror-perl:all 0.17029-1
2024-03-01 21:11:25 status triggers-pending man-db:amd64 2.9.1-1
2024-03-01 21:11:25 status unpacked liberror-perl:all 0.17029-1
2024-03-01 21:11:26 install git-man:all <none> 1:2.25.1-1ubuntu3.11
2024-03-01 21:11:26 status half-installed git-man:all 1:2.25.1-1ubuntu3.11
2024-03-01 21:11:26 status unpacked git-man:all 1:2.25.1-1ubuntu3.11
2024-03-01 21:11:26 install git:amd64 <none> 1:2.25.1-1ubuntu3.11
2024-03-01 21:11:26 status half-installed git:amd64 1:2.25.1-1ubuntu3.11
2024-03-01 21:11:26 status unpacked git:amd64 1:2.25.1-1ubuntu3.11
2024-03-01 21:11:27 startup packages configure
2024-03-01 21:11:27 configure liberror-perl:all 0.17029-1 <none>
2024-03-01 21:11:27 status unpacked liberror-perl:all 0.17029-1
2024-03-01 21:11:27 status half-configured liberror-perl:all 0.17029-1
2024-03-01 21:11:27 status installed liberror-perl:all 0.17029-1
2024-03-01 21:11:27 configure git-man:all 1:2.25.1-1ubuntu3.11 <none>
2024-03-01 21:11:27 status unpacked git-man:all 1:2.25.1-1ubuntu3.11
2024-03-01 21:11:27 status half-configured git-man:all 1:2.25.1-1ubuntu3.11
2024-03-01 21:11:27 status installed git-man:all 1:2.25.1-1ubuntu3.11
2024-03-01 21:11:27 configure git:amd64 1:2.25.1-1ubuntu3.11 <none>
2024-03-01 21:11:27 status unpacked git:amd64 1:2.25.1-1ubuntu3.11
2024-03-01 21:11:27 status half-configured git:amd64 1:2.25.1-1ubuntu3.11
2024-03-01 21:11:27 status installed git:amd64 1:2.25.1-1ubuntu3.11
2024-03-01 21:11:27 trigproc man-db:amd64 2.9.1-1 <none>
2024-03-01 21:11:27 status half-configured man-db:amd64 2.9.1-1
2024-03-01 21:11:30 status installed man-db:amd64 2.9.1-1
2024-03-08 14:14:19 startup archives unpack
2024-03-08 14:14:19 upgrade thunderbird-locale-en-us:all 1:115.6.0+build2-0ubuntu0.20.04.1 1:115.8.1+build1-0ubuntu0.20.04.1
2024-03-08 14:14:19 status half-configured thunderbird-locale-en-us:all 1:115.6.0+build2-0ubuntu0.20.04.1
2024-03-08 14:14:19 status unpacked thunderbird-locale-en-us:all 1:115.6.0+build2-0ubuntu0.20.04.1
2024-03-08 14:14:19 status half-installed thunderbird-locale-en-us:all 1:115.6.0+build2-0ubuntu0.20.04.1
2024-03-08 14:14:19 status unpacked thunderbird-locale-en-us:all 1:115.8.1+build1-0ubuntu0.20.04.1
2024-03-08 14:14:19 startup packages configure
2024-03-08 14:14:19 configure thunderbird-locale-en-us:all 1:115.8.1+build1-0ubuntu0.20.04.1 <none>
2024-03-08 14:14:19 status unpacked thunderbird-locale-en-us:all 1:115.8.1+build1-0ubuntu0.20.04.1
2024-03-08 14:14:19 status half-configured thunderbird-locale-en-us:all 1:115.8.1+build1-0ubuntu0.20.04.1
2024-03-08 14:14:19 status installed thunderbird-locale-en-us:all 1:115.8.1+build1-0ubuntu0.20.04.1
2024-03-08 14:14:25 startup archives unpack
2024-03-08 14:14:26 upgrade thunderbird-locale-en:amd64 1:115.6.0+build2-0ubuntu0.20.04.1 1:115.8.1+build1-0ubuntu0.20.04.1
2024-03-08 14:14:26 status half-configured thunderbird-locale-en:amd64 1:115.6.0+build2-0ubuntu0.20.04.1
2024-03-08 14:14:26 status unpacked thunderbird-locale-en:amd64 1:115.6.0+build2-0ubuntu0.20.04.1
2024-03-08 14:14:26 status half-installed thunderbird-locale-en:amd64 1:115.6.0+build2-0ubuntu0.20.04.1
2024-03-08 14:14:26 status unpacked thunderbird-locale-en:amd64 1:115.8.1+build1-0ubuntu0.20.04.1
2024-03-08 14:14:26 upgrade thunderbird:amd64 1:115.6.0+build2-0ubuntu0.20.04.1 1:115.8.1+build1-0ubuntu0.20.04.1
2024-03-08 14:14:26 status half-configured thunderbird:amd64 1:115.6.0+build2-0ubuntu0.20.04.1
2024-03-08 14:14:26 status unpacked thunderbird:amd64 1:115.6.0+build2-0ubuntu0.20.04.1
2024-03-08 14:14:26 status half-installed thunderbird:amd64 1:115.6.0+build2-0ubuntu0.20.04.1
2024-03-08 14:14:45 status triggers-pending gnome-menus:amd64 3.36.0-1ubuntu1
2024-03-08 14:14:45 status triggers-pending desktop-file-utils:amd64 0.24-1ubuntu3
2024-03-08 14:14:46 status triggers-pending mime-support:all 3.64ubuntu1
2024-03-08 14:14:46 status triggers-pending hicolor-icon-theme:all 0.17-2
2024-03-08 14:14:46 status triggers-pending man-db:amd64 2.9.1-1
2024-03-08 14:14:46 status unpacked thunderbird:amd64 1:115.8.1+build1-0ubuntu0.20.04.1
2024-03-08 14:14:46 upgrade thunderbird-gnome-support:amd64 1:115.6.0+build2-0ubuntu0.20.04.1 1:115.8.1+build1-0ubuntu0.20.04.1
2024-03-08 14:14:46 status half-configured thunderbird-gnome-support:amd64 1:115.6.0+build2-0ubuntu0.20.04.1
2024-03-08 14:14:46 status unpacked thunderbird-gnome-support:amd64 1:115.6.0+build2-0ubuntu0.20.04.1
2024-03-08 14:14:46 status half-installed thunderbird-gnome-support:amd64 1:115.6.0+build2-0ubuntu0.20.04.1
2024-03-08 14:14:46 status unpacked thunderbird-gnome-support:amd64 1:115.8.1+build1-0ubuntu0.20.04.1
2024-03-08 14:14:47 startup packages configure
2024-03-08 14:14:47 configure thunderbird:amd64 1:115.8.1+build1-0ubuntu0.20.04.1 <none>
2024-03-08 14:14:47 status unpacked thunderbird:amd64 1:115.8.1+build1-0ubuntu0.20.04.1
2024-03-08 14:14:47 status half-configured thunderbird:amd64 1:115.8.1+build1-0ubuntu0.20.04.1
2024-03-08 14:14:47 status installed thunderbird:amd64 1:115.8.1+build1-0ubuntu0.20.04.1
2024-03-08 14:14:47 configure thunderbird-locale-en:amd64 1:115.8.1+build1-0ubuntu0.20.04.1 <none>
2024-03-08 14:14:47 status unpacked thunderbird-locale-en:amd64 1:115.8.1+build1-0ubuntu0.20.04.1
2024-03-08 14:14:47 status half-configured thunderbird-locale-en:amd64 1:115.8.1+build1-0ubuntu0.20.04.1
2024-03-08 14:14:47 status installed thunderbird-locale-en:amd64 1:115.8.1+build1-0ubuntu0.20.04.1
2024-03-08 14:14:47 configure thunderbird-gnome-support:amd64 1:115.8.1+build1-0ubuntu0.20.04.1 <none>
2024-03-08 14:14:47 status unpacked thunderbird-gnome-support:amd64 1:115.8.1+build1-0ubuntu0.20.04.1
2024-03-08 14:14:47 status half-configured thunderbird-gnome-support:amd64 1:115.8.1+build1-0ubuntu0.20.04.1
2024-03-08 14:14:47 status installed thunderbird-gnome-support:amd64 1:115.8.1+build1-0ubuntu0.20.04.1
2024-03-08 14:14:47 trigproc mime-support:all 3.64ubuntu1 <none>
2024-03-08 14:14:47 status half-configured mime-support:all 3.64ubuntu1
2024-03-08 14:14:47 status installed mime-support:all 3.64ubuntu1
2024-03-08 14:14:47 trigproc hicolor-icon-theme:all 0.17-2 <none>
2024-03-08 14:14:47 status half-configured hicolor-icon-theme:all 0.17-2
2024-03-08 14:14:48 status installed hicolor-icon-theme:all 0.17-2
2024-03-08 14:14:48 trigproc gnome-menus:amd64 3.36.0-1ubuntu1 <none>
2024-03-08 14:14:48 status half-configured gnome-menus:amd64 3.36.0-1ubuntu1
2024-03-08 14:14:48 status installed gnome-menus:amd64 3.36.0-1ubuntu1
2024-03-08 14:14:48 trigproc man-db:amd64 2.9.1-1 <none>
2024-03-08 14:14:48 status half-configured man-db:amd64 2.9.1-1
2024-03-08 14:14:49 status installed man-db:amd64 2.9.1-1
2024-03-08 14:14:49 trigproc desktop-file-utils:amd64 0.24-1ubuntu3 <none>
2024-03-08 14:14:49 status half-configured desktop-file-utils:amd64 0.24-1ubuntu3
2024-03-08 14:14:49 status installed desktop-file-utils:amd64 0.24-1ubuntu3
2024-03-08 14:14:56 startup archives unpack
2024-03-08 14:14:56 install linux-modules-5.15.0-100-generic:amd64 <none> 5.15.0-100.110~20.04.1
2024-03-08 14:14:56 status half-installed linux-modules-5.15.0-100-generic:amd64 5.15.0-100.110~20.04.1
2024-03-08 14:14:59 status unpacked linux-modules-5.15.0-100-generic:amd64 5.15.0-100.110~20.04.1
2024-03-08 14:14:59 install linux-image-5.15.0-100-generic:amd64 <none> 5.15.0-100.110~20.04.1
2024-03-08 14:14:59 status half-installed linux-image-5.15.0-100-generic:amd64 5.15.0-100.110~20.04.1
2024-03-08 14:14:59 status unpacked linux-image-5.15.0-100-generic:amd64 5.15.0-100.110~20.04.1
2024-03-08 14:14:59 install linux-modules-extra-5.15.0-100-generic:amd64 <none> 5.15.0-100.110~20.04.1
2024-03-08 14:14:59 status half-installed linux-modules-extra-5.15.0-100-generic:amd64 5.15.0-100.110~20.04.1
2024-03-08 14:15:08 status unpacked linux-modules-extra-5.15.0-100-generic:amd64 5.15.0-100.110~20.04.1
2024-03-08 14:15:08 upgrade linux-generic-hwe-20.04:amd64 5.15.0.97.107~20.04.51 5.15.0.100.110~20.04.52
2024-03-08 14:15:08 status half-configured linux-generic-hwe-20.04:amd64 5.15.0.97.107~20.04.51
2024-03-08 14:15:08 status unpacked linux-generic-hwe-20.04:amd64 5.15.0.97.107~20.04.51
2024-03-08 14:15:08 status half-installed linux-generic-hwe-20.04:amd64 5.15.0.97.107~20.04.51
2024-03-08 14:15:08 status unpacked linux-generic-hwe-20.04:amd64 5.15.0.100.110~20.04.52
2024-03-08 14:15:08 upgrade linux-image-generic-hwe-20.04:amd64 5.15.0.97.107~20.04.51 5.15.0.100.110~20.04.52
2024-03-08 14:15:08 status half-configured linux-image-generic-hwe-20.04:amd64 5.15.0.97.107~20.04.51
2024-03-08 14:15:08 status unpacked linux-image-generic-hwe-20.04:amd64 5.15.0.97.107~20.04.51
2024-03-08 14:15:08 status half-installed linux-image-generic-hwe-20.04:amd64 5.15.0.97.107~20.04.51
2024-03-08 14:15:08 status unpacked linux-image-generic-hwe-20.04:amd64 5.15.0.100.110~20.04.52
2024-03-08 14:15:09 install linux-hwe-5.15-headers-5.15.0-100:all <none> 5.15.0-100.110~20.04.1
2024-03-08 14:15:09 status half-installed linux-hwe-5.15-headers-5.15.0-100:all 5.15.0-100.110~20.04.1
2024-03-08 14:15:14 status unpacked linux-hwe-5.15-headers-5.15.0-100:all 5.15.0-100.110~20.04.1
2024-03-08 14:15:14 install linux-headers-5.15.0-100-generic:amd64 <none> 5.15.0-100.110~20.04.1
2024-03-08 14:15:14 status half-installed linux-headers-5.15.0-100-generic:amd64 5.15.0-100.110~20.04.1
2024-03-08 14:15:17 status unpacked linux-headers-5.15.0-100-generic:amd64 5.15.0-100.110~20.04.1
2024-03-08 14:15:17 upgrade linux-headers-generic-hwe-20.04:amd64 5.15.0.97.107~20.04.51 5.15.0.100.110~20.04.52
2024-03-08 14:15:17 status half-configured linux-headers-generic-hwe-20.04:amd64 5.15.0.97.107~20.04.51
2024-03-08 14:15:17 status unpacked linux-headers-generic-hwe-20.04:amd64 5.15.0.97.107~20.04.51
2024-03-08 14:15:17 status half-installed linux-headers-generic-hwe-20.04:amd64 5.15.0.97.107~20.04.51
2024-03-08 14:15:17 status unpacked linux-headers-generic-hwe-20.04:amd64 5.15.0.100.110~20.04.52
2024-03-08 14:15:17 startup packages configure
2024-03-08 14:15:17 configure linux-hwe-5.15-headers-5.15.0-100:all 5.15.0-100.110~20.04.1 <none>
2024-03-08 14:15:17 status unpacked linux-hwe-5.15-headers-5.15.0-100:all 5.15.0-100.110~20.04.1
2024-03-08 14:15:17 status half-configured linux-hwe-5.15-headers-5.15.0-100:all 5.15.0-100.110~20.04.1
2024-03-08 14:15:17 status installed linux-hwe-5.15-headers-5.15.0-100:all 5.15.0-100.110~20.04.1
2024-03-08 14:15:17 configure linux-headers-5.15.0-100-generic:amd64 5.15.0-100.110~20.04.1 <none>
2024-03-08 14:15:17 status unpacked linux-headers-5.15.0-100-generic:amd64 5.15.0-100.110~20.04.1
2024-03-08 14:15:17 status half-configured linux-headers-5.15.0-100-generic:amd64 5.15.0-100.110~20.04.1
2024-03-08 14:15:17 status installed linux-headers-5.15.0-100-generic:amd64 5.15.0-100.110~20.04.1
2024-03-08 14:15:17 configure linux-headers-generic-hwe-20.04:amd64 5.15.0.100.110~20.04.52 <none>
2024-03-08 14:15:17 status unpacked linux-headers-generic-hwe-20.04:amd64 5.15.0.100.110~20.04.52
2024-03-08 14:15:17 status half-configured linux-headers-generic-hwe-20.04:amd64 5.15.0.100.110~20.04.52
2024-03-08 14:15:17 status installed linux-headers-generic-hwe-20.04:amd64 5.15.0.100.110~20.04.52
2024-03-08 14:15:17 configure linux-image-5.15.0-100-generic:amd64 5.15.0-100.110~20.04.1 <none>
2024-03-08 14:15:17 status unpacked linux-image-5.15.0-100-generic:amd64 5.15.0-100.110~20.04.1
2024-03-08 14:15:17 status half-configured linux-image-5.15.0-100-generic:amd64 5.15.0-100.110~20.04.1
2024-03-08 14:15:20 status installed linux-image-5.15.0-100-generic:amd64 5.15.0-100.110~20.04.1
2024-03-08 14:15:20 status triggers-pending linux-image-5.15.0-100-generic:amd64 5.15.0-100.110~20.04.1
2024-03-08 14:15:20 configure linux-modules-5.15.0-100-generic:amd64 5.15.0-100.110~20.04.1 <none>
2024-03-08 14:15:20 status unpacked linux-modules-5.15.0-100-generic:amd64 5.15.0-100.110~20.04.1
2024-03-08 14:15:20 status half-configured linux-modules-5.15.0-100-generic:amd64 5.15.0-100.110~20.04.1
2024-03-08 14:15:22 status installed linux-modules-5.15.0-100-generic:amd64 5.15.0-100.110~20.04.1
2024-03-08 14:15:22 configure linux-modules-extra-5.15.0-100-generic:amd64 5.15.0-100.110~20.04.1 <none>
2024-03-08 14:15:22 status unpacked linux-modules-extra-5.15.0-100-generic:amd64 5.15.0-100.110~20.04.1
2024-03-08 14:15:22 status half-configured linux-modules-extra-5.15.0-100-generic:amd64 5.15.0-100.110~20.04.1
2024-03-08 14:15:24 status installed linux-modules-extra-5.15.0-100-generic:amd64 5.15.0-100.110~20.04.1
2024-03-08 14:15:24 configure linux-image-generic-hwe-20.04:amd64 5.15.0.100.110~20.04.52 <none>
2024-03-08 14:15:24 status unpacked linux-image-generic-hwe-20.04:amd64 5.15.0.100.110~20.04.52
2024-03-08 14:15:24 status half-configured linux-image-generic-hwe-20.04:amd64 5.15.0.100.110~20.04.52
2024-03-08 14:15:24 status installed linux-image-generic-hwe-20.04:amd64 5.15.0.100.110~20.04.52
2024-03-08 14:15:24 configure linux-generic-hwe-20.04:amd64 5.15.0.100.110~20.04.52 <none>
2024-03-08 14:15:24 status unpacked linux-generic-hwe-20.04:amd64 5.15.0.100.110~20.04.52
2024-03-08 14:15:24 status half-configured linux-generic-hwe-20.04:amd64 5.15.0.100.110~20.04.52
2024-03-08 14:15:24 status installed linux-generic-hwe-20.04:amd64 5.15.0.100.110~20.04.52
2024-03-08 14:15:24 trigproc linux-image-5.15.0-100-generic:amd64 5.15.0-100.110~20.04.1 <none>
2024-03-08 14:15:24 status half-configured linux-image-5.15.0-100-generic:amd64 5.15.0-100.110~20.04.1
2024-03-08 14:15:49 status installed linux-image-5.15.0-100-generic:amd64 5.15.0-100.110~20.04.1
2024-03-08 14:15:55 startup archives unpack
2024-03-08 14:15:56 upgrade python3-cryptography:amd64 2.8-3ubuntu0.2 2.8-3ubuntu0.3
2024-03-08 14:15:56 status half-configured python3-cryptography:amd64 2.8-3ubuntu0.2
2024-03-08 14:15:56 status unpacked python3-cryptography:amd64 2.8-3ubuntu0.2
2024-03-08 14:15:56 status half-installed python3-cryptography:amd64 2.8-3ubuntu0.2
2024-03-08 14:15:56 status unpacked python3-cryptography:amd64 2.8-3ubuntu0.3
2024-03-08 14:15:56 startup packages configure
2024-03-08 14:15:56 configure python3-cryptography:amd64 2.8-3ubuntu0.3 <none>
2024-03-08 14:15:56 status unpacked python3-cryptography:amd64 2.8-3ubuntu0.3
2024-03-08 14:15:56 status half-configured python3-cryptography:amd64 2.8-3ubuntu0.3
2024-03-08 14:15:56 status installed python3-cryptography:amd64 2.8-3ubuntu0.3
2024-03-08 14:16:02 startup archives unpack
2024-03-08 14:16:02 upgrade firefox:amd64 123.0+build3-0ubuntu0.20.04.1 123.0.1+build1-0ubuntu0.20.04.1
2024-03-08 14:16:02 status half-configured firefox:amd64 123.0+build3-0ubuntu0.20.04.1
2024-03-08 14:16:02 status unpacked firefox:amd64 123.0+build3-0ubuntu0.20.04.1
2024-03-08 14:16:02 status half-installed firefox:amd64 123.0+build3-0ubuntu0.20.04.1
2024-03-08 14:16:21 status triggers-pending gnome-menus:amd64 3.36.0-1ubuntu1
2024-03-08 14:16:22 status triggers-pending desktop-file-utils:amd64 0.24-1ubuntu3
2024-03-08 14:16:22 status triggers-pending mime-support:all 3.64ubuntu1
2024-03-08 14:16:22 status triggers-pending hicolor-icon-theme:all 0.17-2
2024-03-08 14:16:22 status triggers-pending man-db:amd64 2.9.1-1
2024-03-08 14:16:23 status unpacked firefox:amd64 123.0.1+build1-0ubuntu0.20.04.1
2024-03-08 14:16:23 startup packages configure
2024-03-08 14:16:23 configure firefox:amd64 123.0.1+build1-0ubuntu0.20.04.1 <none>
2024-03-08 14:16:23 status unpacked firefox:amd64 123.0.1+build1-0ubuntu0.20.04.1
2024-03-08 14:16:23 status half-configured firefox:amd64 123.0.1+build1-0ubuntu0.20.04.1
2024-03-08 14:16:24 status installed firefox:amd64 123.0.1+build1-0ubuntu0.20.04.1
2024-03-08 14:16:24 trigproc man-db:amd64 2.9.1-1 <none>
2024-03-08 14:16:24 status half-configured man-db:amd64 2.9.1-1
2024-03-08 14:16:26 status installed man-db:amd64 2.9.1-1
2024-03-08 14:16:26 trigproc desktop-file-utils:amd64 0.24-1ubuntu3 <none>
2024-03-08 14:16:26 status half-configured desktop-file-utils:amd64 0.24-1ubuntu3
2024-03-08 14:16:26 status installed desktop-file-utils:amd64 0.24-1ubuntu3
2024-03-08 14:16:26 trigproc mime-support:all 3.64ubuntu1 <none>
2024-03-08 14:16:26 status half-configured mime-support:all 3.64ubuntu1
2024-03-08 14:16:26 status installed mime-support:all 3.64ubuntu1
2024-03-08 14:16:26 trigproc hicolor-icon-theme:all 0.17-2 <none>
2024-03-08 14:16:26 status half-configured hicolor-icon-theme:all 0.17-2
2024-03-08 14:16:26 status installed hicolor-icon-theme:all 0.17-2
2024-03-08 14:16:26 trigproc gnome-menus:amd64 3.36.0-1ubuntu1 <none>
2024-03-08 14:16:26 status half-configured gnome-menus:amd64 3.36.0-1ubuntu1
2024-03-08 14:16:26 status installed gnome-menus:amd64 3.36.0-1ubuntu1
2024-03-08 14:16:32 startup archives unpack
2024-03-08 14:16:32 upgrade firefox-locale-en:amd64 123.0+build3-0ubuntu0.20.04.1 123.0.1+build1-0ubuntu0.20.04.1
2024-03-08 14:16:32 status half-configured firefox-locale-en:amd64 123.0+build3-0ubuntu0.20.04.1
2024-03-08 14:16:32 status unpacked firefox-locale-en:amd64 123.0+build3-0ubuntu0.20.04.1
2024-03-08 14:16:32 status half-installed firefox-locale-en:amd64 123.0+build3-0ubuntu0.20.04.1
2024-03-08 14:16:32 status unpacked firefox-locale-en:amd64 123.0.1+build1-0ubuntu0.20.04.1
2024-03-08 14:16:33 startup packages configure
2024-03-08 14:16:33 configure firefox-locale-en:amd64 123.0.1+build1-0ubuntu0.20.04.1 <none>
2024-03-08 14:16:33 status unpacked firefox-locale-en:amd64 123.0.1+build1-0ubuntu0.20.04.1
2024-03-08 14:16:33 status half-configured firefox-locale-en:amd64 123.0.1+build1-0ubuntu0.20.04.1
2024-03-08 14:16:33 status installed firefox-locale-en:amd64 123.0.1+build1-0ubuntu0.20.04.1
2024-03-08 14:16:38 startup packages remove
2024-03-08 14:16:38 status installed linux-modules-extra-5.15.0-88-generic:amd64 5.15.0-88.98~20.04.1
2024-03-08 14:16:39 remove linux-modules-extra-5.15.0-88-generic:amd64 5.15.0-88.98~20.04.1 <none>
2024-03-08 14:16:39 status half-configured linux-modules-extra-5.15.0-88-generic:amd64 5.15.0-88.98~20.04.1
2024-03-08 14:16:39 status half-installed linux-modules-extra-5.15.0-88-generic:amd64 5.15.0-88.98~20.04.1
2024-03-08 14:16:41 status config-files linux-modules-extra-5.15.0-88-generic:amd64 5.15.0-88.98~20.04.1
2024-03-08 14:16:41 startup packages configure
2024-03-08 14:16:46 startup packages remove
2024-03-08 14:16:46 status installed linux-image-5.15.0-88-generic:amd64 5.15.0-88.98~20.04.1
2024-03-08 14:16:46 status installed linux-modules-5.15.0-88-generic:amd64 5.15.0-88.98~20.04.1
2024-03-08 14:16:46 remove linux-modules-5.15.0-88-generic:amd64 5.15.0-88.98~20.04.1 <none>
2024-03-08 14:16:46 status half-configured linux-modules-5.15.0-88-generic:amd64 5.15.0-88.98~20.04.1
2024-03-08 14:16:46 status half-installed linux-modules-5.15.0-88-generic:amd64 5.15.0-88.98~20.04.1
2024-03-08 14:16:47 status config-files linux-modules-5.15.0-88-generic:amd64 5.15.0-88.98~20.04.1
2024-03-08 14:16:47 remove linux-image-5.15.0-88-generic:amd64 5.15.0-88.98~20.04.1 <none>
2024-03-08 14:16:47 status half-configured linux-image-5.15.0-88-generic:amd64 5.15.0-88.98~20.04.1
2024-03-08 14:16:47 status half-installed linux-image-5.15.0-88-generic:amd64 5.15.0-88.98~20.04.1
2024-03-08 14:16:52 status config-files linux-image-5.15.0-88-generic:amd64 5.15.0-88.98~20.04.1
2024-03-08 14:16:52 startup packages configure
2024-03-08 14:16:58 startup packages remove
2024-03-08 14:16:58 status installed linux-headers-5.15.0-88-generic:amd64 5.15.0-88.98~20.04.1
2024-03-08 14:16:58 remove linux-headers-5.15.0-88-generic:amd64 5.15.0-88.98~20.04.1 <none>
2024-03-08 14:16:58 status half-configured linux-headers-5.15.0-88-generic:amd64 5.15.0-88.98~20.04.1
2024-03-08 14:16:58 status half-installed linux-headers-5.15.0-88-generic:amd64 5.15.0-88.98~20.04.1
2024-03-08 14:16:59 status config-files linux-headers-5.15.0-88-generic:amd64 5.15.0-88.98~20.04.1
2024-03-08 14:16:59 status not-installed linux-headers-5.15.0-88-generic:amd64 <none>
2024-03-08 14:16:59 startup packages configure
2024-03-08 14:17:04 startup packages remove
2024-03-08 14:17:04 status installed linux-hwe-5.15-headers-5.15.0-88:all 5.15.0-88.98~20.04.1
2024-03-08 14:17:04 remove linux-hwe-5.15-headers-5.15.0-88:all 5.15.0-88.98~20.04.1 <none>
2024-03-08 14:17:04 status half-configured linux-hwe-5.15-headers-5.15.0-88:all 5.15.0-88.98~20.04.1
2024-03-08 14:17:04 status half-installed linux-hwe-5.15-headers-5.15.0-88:all 5.15.0-88.98~20.04.1
2024-03-08 14:17:06 status config-files linux-hwe-5.15-headers-5.15.0-88:all 5.15.0-88.98~20.04.1
2024-03-08 14:17:06 status not-installed linux-hwe-5.15-headers-5.15.0-88:all <none>
2024-03-08 14:17:06 startup packages configure
